<?xml version="1.0" encoding="UTF-8"?>
<!-- Generated by org.testng.reporters.JUnitReportReporter -->
<testsuite hostname="TRPL-PUN-0113" failures="0" tests="2" name="criticalTestScripts.AuditorStatutory" time="491.139" errors="0" timestamp="2025-04-01T16:20:47 IST" skipped="0">
  <testcase classname="criticalTestScripts.AuditorStatutory" name="DetailedreportVsCommercialLowcount" time="251.337"/>
  <system-out/>
  <testcase classname="criticalTestScripts.AuditorStatutory" name="DepartmentSummaPR" time="239.802"/>
  <system-out/>
</testsuite> <!-- criticalTestScripts.AuditorStatutory -->
