<?xml version="1.0" encoding="UTF-8"?>
<!-- Generated by org.testng.reporters.JUnitReportReporter -->
<testsuite hostname="TRPL-PUN-0113" failures="0" tests="1" name="criticalTestScripts.AuditorInternal" time="258.571" errors="0" timestamp="2025-04-09T10:36:53 IST" skipped="0">
  <testcase classname="criticalTestScripts.AuditorInternal" name="riskSummaryClosedTimelyInAu" time="258.571"/>
  <system-out/>
</testsuite> <!-- criticalTestScripts.AuditorInternal -->
